# JRE version: OpenJDK Runtime Environment (11.0.10) (build 11.0.10+0-b96-7249189)
# Java VM: OpenJDK 64-Bit Server VM (11.0.10+0-b96-7249189, mixed mode, tiered, compressed oops, g1 gc, linux-amd64)
Heap:
 garbage-first heap   total 509952K, used 126777K [0x0000000080000000, 0x0000000100000000)
  region size 1024K, 2 young (2048K), 2 survivors (2048K)
 Metaspace       used 106502K, capacity 109085K, committed 109348K, reserved 1144832K
  class space    used 13361K, capacity 14337K, committed 14464K, reserved 1048576K
GC Heap History (20 events):
Event: 349.798 GC heap after
{Heap after GC invocations=73 (full 0):
 garbage-first heap   total 335872K, used 122880K [0x0000000080000000, 0x0000000100000000)
  region size 1024K, 3 young (3072K), 3 survivors (3072K)
 Metaspace       used 106032K, capacity 108618K, committed 108964K, reserved 1144832K
  class space    used 13309K, capacity 14276K, committed 14336K, reserved 1048576K
}
Event: 353.148 GC heap before
{Heap before GC invocations=73 (full 0):
 garbage-first heap   total 335872K, used 161792K [0x0000000080000000, 0x0000000100000000)
  region size 1024K, 41 young (41984K), 3 survivors (3072K)
 Metaspace       used 106132K, capacity 108692K, committed 108964K, reserved 1144832K
  class space    used 13320K, capacity 14277K, committed 14336K, reserved 1048576K
}
Event: 353.221 GC heap after
{Heap after GC invocations=74 (full 0):
 garbage-first heap   total 335872K, used 123428K [0x0000000080000000, 0x0000000100000000)
  region size 1024K, 4 young (4096K), 4 survivors (4096K)
 Metaspace       used 106132K, capacity 108692K, committed 108964K, reserved 1144832K
  class space    used 13320K, capacity 14277K, committed 14336K, reserved 1048576K
}
Event: 355.056 GC heap before
{Heap before GC invocations=74 (full 0):
 garbage-first heap   total 335872K, used 166436K [0x0000000080000000, 0x0000000100000000)
  region size 1024K, 46 young (47104K), 4 survivors (4096K)
 Metaspace       used 106193K, capacity 108757K, committed 108964K, reserved 1144832K
  class space    used 13326K, capacity 14277K, committed 14336K, reserved 1048576K
}
Event: 355.154 GC heap after
{Heap after GC invocations=75 (full 0):
 garbage-first heap   total 335872K, used 124048K [0x0000000080000000, 0x0000000100000000)
  region size 1024K, 3 young (3072K), 3 survivors (3072K)
 Metaspace       used 106193K, capacity 108757K, committed 108964K, reserved 1144832K
  class space    used 13326K, capacity 14277K, committed 14336K, reserved 1048576K
}
Event: 357.367 GC heap before
{Heap before GC invocations=75 (full 0):
 garbage-first heap   total 335872K, used 170128K [0x0000000080000000, 0x0000000100000000)
  region size 1024K, 48 young (49152K), 3 survivors (3072K)
 Metaspace       used 106288K, capacity 108881K, committed 108964K, reserved 1144832K
  class space    used 13343K, capacity 14317K, committed 14336K, reserved 1048576K
}
Event: 357.435 GC heap after
{Heap after GC invocations=76 (full 0):
 garbage-first heap   total 335872K, used 124168K [0x0000000080000000, 0x0000000100000000)
  region size 1024K, 3 young (3072K), 3 survivors (3072K)
 Metaspace       used 106288K, capacity 108881K, committed 108964K, reserved 1144832K
  class space    used 13343K, capacity 14317K, committed 14336K, reserved 1048576K
}
Event: 359.775 GC heap before
{Heap before GC invocations=76 (full 0):
 garbage-first heap   total 335872K, used 173320K [0x0000000080000000, 0x0000000100000000)
  region size 1024K, 51 young (52224K), 3 survivors (3072K)
 Metaspace       used 106369K, capacity 108962K, committed 109220K, reserved 1144832K
  class space    used 13351K, capacity 14320K, committed 14336K, reserved 1048576K
}
Event: 359.933 GC heap after
{Heap after GC invocations=77 (full 0):
 garbage-first heap   total 335872K, used 124696K [0x0000000080000000, 0x0000000100000000)
  region size 1024K, 4 young (4096K), 4 survivors (4096K)
 Metaspace       used 106369K, capacity 108962K, committed 109220K, reserved 1144832K
  class space    used 13351K, capacity 14320K, committed 14336K, reserved 1048576K
}
Event: 362.807 GC heap before
{Heap before GC invocations=77 (full 0):
 garbage-first heap   total 335872K, used 167704K [0x0000000080000000, 0x0000000100000000)
  region size 1024K, 46 young (47104K), 4 survivors (4096K)
 Metaspace       used 106419K, capacity 108994K, committed 109220K, reserved 1144832K
  class space    used 13357K, capacity 14330K, committed 14336K, reserved 1048576K
}
Event: 362.887 GC heap after
{Heap after GC invocations=78 (full 0):
 garbage-first heap   total 335872K, used 125462K [0x0000000080000000, 0x0000000100000000)
  region size 1024K, 4 young (4096K), 4 survivors (4096K)
 Metaspace       used 106419K, capacity 108994K, committed 109220K, reserved 1144832K
  class space    used 13357K, capacity 14330K, committed 14336K, reserved 1048576K
}
Event: 364.602 GC heap before
{Heap before GC invocations=78 (full 0):
 garbage-first heap   total 335872K, used 173590K [0x0000000080000000, 0x0000000100000000)
  region size 1024K, 51 young (52224K), 4 survivors (4096K)
 Metaspace       used 106430K, capacity 108995K, committed 109220K, reserved 1144832K
  class space    used 13357K, capacity 14330K, committed 14336K, reserved 1048576K
}
Event: 364.890 GC heap after
{Heap after GC invocations=79 (full 0):
 garbage-first heap   total 403456K, used 125882K [0x0000000080000000, 0x0000000100000000)
  region size 1024K, 4 young (4096K), 4 survivors (4096K)
 Metaspace       used 106430K, capacity 108995K, committed 109220K, reserved 1144832K
  class space    used 13357K, capacity 14330K, committed 14336K, reserved 1048576K
}
Event: 365.779 GC heap before
{Heap before GC invocations=79 (full 0):
 garbage-first heap   total 403456K, used 141242K [0x0000000080000000, 0x0000000100000000)
  region size 1024K, 19 young (19456K), 4 survivors (4096K)
 Metaspace       used 106441K, capacity 108996K, committed 109220K, reserved 1144832K
  class space    used 13357K, capacity 14330K, committed 14336K, reserved 1048576K
}
Event: 365.878 GC heap after
{Heap after GC invocations=80 (full 0):
 garbage-first heap   total 403456K, used 126250K [0x0000000080000000, 0x0000000100000000)
  region size 1024K, 2 young (2048K), 2 survivors (2048K)
 Metaspace       used 106441K, capacity 108996K, committed 109220K, reserved 1144832K
  class space    used 13357K, capacity 14330K, committed 14336K, reserved 1048576K
}
Event: 366.864 GC heap before
{Heap before GC invocations=80 (full 0):
 garbage-first heap   total 403456K, used 148778K [0x0000000080000000, 0x0000000100000000)
  region size 1024K, 24 young (24576K), 2 survivors (2048K)
 Metaspace       used 106466K, capacity 109074K, committed 109220K, reserved 1144832K
  class space    used 13359K, capacity 14334K, committed 14336K, reserved 1048576K
}
Event: 366.961 GC heap after
{Heap after GC invocations=81 (full 0):
 garbage-first heap   total 403456K, used 126288K [0x0000000080000000, 0x0000000100000000)
  region size 1024K, 2 young (2048K), 2 survivors (2048K)
 Metaspace       used 106466K, capacity 109074K, committed 109220K, reserved 1144832K
  class space    used 13359K, capacity 14334K, committed 14336K, reserved 1048576K
}
Event: 370.161 GC heap before
{Heap before GC invocations=81 (full 0):
 garbage-first heap   total 403456K, used 147792K [0x0000000080000000, 0x0000000100000000)
  region size 1024K, 23 young (23552K), 2 survivors (2048K)
 Metaspace       used 106490K, capacity 109084K, committed 109348K, reserved 1144832K
  class space    used 13361K, capacity 14337K, committed 14464K, reserved 1048576K
}
Event: 370.259 GC heap after
{Heap after GC invocations=82 (full 0):
 garbage-first heap   total 403456K, used 126689K [0x0000000080000000, 0x0000000100000000)
  region size 1024K, 2 young (2048K), 2 survivors (2048K)
 Metaspace       used 106490K, capacity 109084K, committed 109348K, reserved 1144832K
  class space    used 13361K, capacity 14337K, committed 14464K, reserved 1048576K
}
Event: 371.334 GC heap before
{Heap before GC invocations=82 (full 0):
 garbage-first heap   total 403456K, used 150241K [0x0000000080000000, 0x0000000100000000)
  region size 1024K, 25 young (25600K), 2 survivors (2048K)
 Metaspace       used 106502K, capacity 109085K, committed 109348K, reserved 1144832K
  class space    used 13361K, capacity 14337K, committed 14464K, reserved 1048576K
}

